Build started 05-09-2017 23:57:10.
     1>Project "D:\Projects\Parallel-Programming\Device_Properties\Device_Properties.vcxproj" on node 2 (Build target(s)).
     1>AddCudaCompileDeps:
         D:\VisualStudio_2012_Professional\VC\bin\cl.exe /E /nologo /showIncludes /TP /D__CUDACC__ /DWIN32 /D_DEBUG /D_CONSOLE /D_MBCS /I"C:\Program Files\NVIDIA GPU Computing Toolkit\CUDA\v8.0\include" /I"C:\Program Files\NVIDIA GPU Computing Toolkit\CUDA\v8.0\bin" /I"C:\Program Files\NVIDIA GPU Computing Toolkit\CUDA\v8.0\include" /I. /FIcuda_runtime.h /c D:\Projects\Parallel-Programming\Device_Properties\kernel.cu 
     1>Project "D:\Projects\Parallel-Programming\Device_Properties\Device_Properties.vcxproj" (1) is building "D:\Projects\Parallel-Programming\Device_Properties\Device_Properties.vcxproj" (1:2) on node 2 (CudaBuildCore target(s)).
     1>CudaBuildCore:
         Compiling CUDA source file kernel.cu...
         cmd.exe /C "C:\Users\DELL\AppData\Local\Temp\tmp9d21b5a8e21d479c9b27b0ead7109e48.cmd"
         "C:\Program Files\NVIDIA GPU Computing Toolkit\CUDA\v8.0\bin\nvcc.exe" -gencode=arch=compute_20,code=\"sm_20,compute_20\" --use-local-env --cl-version 2012 -ccbin "D:\VisualStudio_2012_Professional\VC\bin"  -I"C:\Program Files\NVIDIA GPU Computing Toolkit\CUDA\v8.0\include" -I"C:\Program Files\NVIDIA GPU Computing Toolkit\CUDA\v8.0\include"  -G   --keep-dir Debug -maxrregcount=0  --machine 32 --compile -cudart static  -g   -DWIN32 -D_DEBUG -D_CONSOLE -D_MBCS -Xcompiler "/EHsc /W3 /nologo /Od  /Zi /RTC1 /MDd " -o Debug\kernel.cu.obj "D:\Projects\Parallel-Programming\Device_Properties\kernel.cu"
         
         D:\Projects\Parallel-Programming\Device_Properties>"C:\Program Files\NVIDIA GPU Computing Toolkit\CUDA\v8.0\bin\nvcc.exe" -gencode=arch=compute_20,code=\"sm_20,compute_20\" --use-local-env --cl-version 2012 -ccbin "D:\VisualStudio_2012_Professional\VC\bin"  -I"C:\Program Files\NVIDIA GPU Computing Toolkit\CUDA\v8.0\include" -I"C:\Program Files\NVIDIA GPU Computing Toolkit\CUDA\v8.0\include"  -G   --keep-dir Debug -maxrregcount=0  --machine 32 --compile -cudart static  -g   -DWIN32 -D_DEBUG -D_CONSOLE -D_MBCS -Xcompiler "/EHsc /W3 /nologo /Od  /Zi /RTC1 /MDd " -o Debug\kernel.cu.obj "D:\Projects\Parallel-Programming\Device_Properties\kernel.cu" 
     1>CUDACOMPILE : nvcc warning : The 'compute_20', 'sm_20', and 'sm_21' architectures are deprecated, and may be removed in a future release (Use -Wno-deprecated-gpu-targets to suppress warning).
         kernel.cu
     1>Done Building Project "D:\Projects\Parallel-Programming\Device_Properties\Device_Properties.vcxproj" (CudaBuildCore target(s)).
     1>Link:
         D:\VisualStudio_2012_Professional\VC\bin\link.exe /ERRORREPORT:PROMPT /OUT:"D:\Projects\Parallel-Programming\Device_Properties\Debug\Device_Properties.exe" /INCREMENTAL /NOLOGO /LIBPATH:"C:\Program Files\NVIDIA GPU Computing Toolkit\CUDA\v8.0\lib\Win32" cudart.lib kernel32.lib user32.lib gdi32.lib winspool.lib comdlg32.lib advapi32.lib shell32.lib ole32.lib oleaut32.lib uuid.lib odbc32.lib odbccp32.lib kernel32.lib user32.lib gdi32.lib winspool.lib comdlg32.lib advapi32.lib shell32.lib ole32.lib oleaut32.lib uuid.lib odbc32.lib odbccp32.lib /MANIFEST /MANIFESTUAC:"level='asInvoker' uiAccess='false'" /manifest:embed /DEBUG /PDB:"D:\Projects\Parallel-Programming\Device_Properties\Debug\Device_Properties.pdb" /SUBSYSTEM:CONSOLE /TLBID:1 /DYNAMICBASE /NXCOMPAT /IMPLIB:"D:\Projects\Parallel-Programming\Device_Properties\Debug\Device_Properties.lib" /MACHINE:X86 Debug\kernel.cu.obj
         Device_Properties.vcxproj -> D:\Projects\Parallel-Programming\Device_Properties\Debug\Device_Properties.exe
       PostBuildEvent:
         echo copy "C:\Program Files\NVIDIA GPU Computing Toolkit\CUDA\v8.0\bin\cudart*.dll" "D:\Projects\Parallel-Programming\Device_Properties\Debug\"
         copy "C:\Program Files\NVIDIA GPU Computing Toolkit\CUDA\v8.0\bin\cudart*.dll" "D:\Projects\Parallel-Programming\Device_Properties\Debug\"
         :VCEnd
         copy "C:\Program Files\NVIDIA GPU Computing Toolkit\CUDA\v8.0\bin\cudart*.dll" "D:\Projects\Parallel-Programming\Device_Properties\Debug\"
         C:\Program Files\NVIDIA GPU Computing Toolkit\CUDA\v8.0\bin\cudart32_80.dll
         C:\Program Files\NVIDIA GPU Computing Toolkit\CUDA\v8.0\bin\cudart64_80.dll
                 2 file(s) copied.
     1>Done Building Project "D:\Projects\Parallel-Programming\Device_Properties\Device_Properties.vcxproj" (Build target(s)).

Build succeeded.

Time Elapsed 00:00:02.33
